TN:
SF:basicOperations.js
FN:1,(anonymous_0)
FN:5,(anonymous_1)
FN:9,(anonymous_2)
FN:13,(anonymous_3)
FN:18,(anonymous_4)
FN:22,(anonymous_5)
FN:26,(anonymous_6)
FN:30,(anonymous_7)
FN:34,(anonymous_8)
FN:39,(anonymous_9)
FN:40,(anonymous_10)
FN:43,(anonymous_11)
FN:44,(anonymous_12)
FN:47,(anonymous_13)
FN:48,(anonymous_14)
FN:59,(anonymous_15)
FN:60,(anonymous_16)
FN:63,(anonymous_17)
FN:64,(anonymous_18)
FNF:19
FNH:19
FNDA:31,(anonymous_0)
FNDA:19,(anonymous_1)
FNDA:7,(anonymous_2)
FNDA:3,(anonymous_3)
FNDA:2,(anonymous_4)
FNDA:4,(anonymous_5)
FNDA:1,(anonymous_6)
FNDA:1,(anonymous_7)
FNDA:9,(anonymous_8)
FNDA:3,(anonymous_9)
FNDA:8,(anonymous_10)
FNDA:3,(anonymous_11)
FNDA:9,(anonymous_12)
FNDA:2,(anonymous_13)
FNDA:5,(anonymous_14)
FNDA:2,(anonymous_15)
FNDA:7,(anonymous_16)
FNDA:2,(anonymous_17)
FNDA:7,(anonymous_18)
DA:1,1
DA:2,31
DA:5,1
DA:6,19
DA:9,1
DA:10,7
DA:13,1
DA:14,3
DA:15,3
DA:18,1
DA:19,2
DA:22,1
DA:23,4
DA:26,1
DA:27,1
DA:30,1
DA:31,1
DA:34,1
DA:35,9
DA:36,9
DA:39,1
DA:40,8
DA:43,1
DA:44,9
DA:47,1
DA:48,2
DA:49,5
DA:50,3
DA:52,2
DA:53,1
DA:55,1
DA:59,1
DA:60,7
DA:63,1
DA:64,7
LF:35
LH:35
BRDA:49,0,0,3
BRDA:49,0,1,2
BRDA:52,1,0,1
BRDA:52,1,1,1
BRF:4
BRH:4
end_of_record
TN:
SF:complexOperations.js
FN:23,(anonymous_0)
FN:47,(anonymous_1)
FN:86,(anonymous_2)
FN:108,(anonymous_3)
FN:131,(anonymous_4)
FN:155,(anonymous_5)
FNF:6
FNH:6
FNDA:10,(anonymous_0)
FNDA:20,(anonymous_1)
FNDA:8,(anonymous_2)
FNDA:10,(anonymous_3)
FNDA:12,(anonymous_4)
FNDA:8,(anonymous_5)
DA:23,2
DA:24,10
DA:25,4
DA:27,6
DA:28,6
DA:29,2
DA:31,4
DA:47,2
DA:48,20
DA:49,3
DA:51,17
DA:52,3
DA:54,14
DA:57,9
DA:59,2
DA:62,2
DA:63,2
DA:65,1
DA:86,2
DA:87,8
DA:88,2
DA:90,6
DA:91,6
DA:92,2
DA:94,4
DA:108,2
DA:109,10
DA:110,2
DA:112,8
DA:113,8
DA:114,1
DA:116,7
DA:131,2
DA:132,12
DA:133,1
DA:135,11
DA:136,3
DA:138,8
DA:139,1
DA:141,7
DA:155,2
DA:156,8
DA:157,1
DA:159,7
DA:160,6
DA:161,1
DA:163,5
LF:47
LH:47
BRDA:24,0,0,4
BRDA:24,0,1,6
BRDA:24,1,0,10
BRDA:24,1,1,6
BRDA:28,2,0,2
BRDA:28,2,1,4
BRDA:47,3,0,8
BRDA:48,4,0,3
BRDA:48,4,1,17
BRDA:48,5,0,20
BRDA:48,5,1,18
BRDA:51,6,0,3
BRDA:51,6,1,14
BRDA:51,7,0,17
BRDA:51,7,1,15
BRDA:54,8,0,2
BRDA:54,8,1,9
BRDA:54,8,2,2
BRDA:54,8,3,2
BRDA:54,8,4,1
BRDA:87,9,0,2
BRDA:87,9,1,6
BRDA:87,10,0,8
BRDA:87,10,1,6
BRDA:87,10,2,6
BRDA:91,11,0,2
BRDA:91,11,1,4
BRDA:109,12,0,2
BRDA:109,12,1,8
BRDA:109,13,0,10
BRDA:109,13,1,9
BRDA:113,14,0,1
BRDA:113,14,1,7
BRDA:132,15,0,1
BRDA:132,15,1,11
BRDA:135,16,0,3
BRDA:135,16,1,8
BRDA:135,17,0,11
BRDA:135,17,1,9
BRDA:138,18,0,1
BRDA:138,18,1,7
BRDA:156,19,0,1
BRDA:156,19,1,7
BRDA:160,20,0,1
BRDA:160,20,1,5
BRF:45
BRH:45
end_of_record
TN:
SF:complexOperations.mock.js
FN:18,(anonymous_0)
FNF:1
FNH:1
FNDA:1,(anonymous_0)
DA:3,1
DA:4,1
DA:5,1
DA:6,1
DA:7,1
DA:8,1
DA:9,1
DA:10,1
DA:11,1
DA:12,1
DA:13,1
DA:14,1
DA:15,1
DA:16,1
DA:18,1
DA:19,1
LF:16
LH:16
BRF:0
BRH:0
end_of_record
